12:30:15 2022-11-29 [INFO] Executing command /home/irisowner/irissys/startISCAgent.sh 2188...
12:30:15 2022-11-29 [INFO] Writing status to file: /home/irisowner/irissys/iscagent.status
Reading configuration from file: /home/irisowner/irissys/iscagent.conf
ISCAgent[30]: Starting
ISCAgent[43]: Starting ApplicationServer on *:2188

12:30:15 2022-11-29 [INFO] ...executed command /home/irisowner/irissys/startISCAgent.sh 2188
12:30:16 2022-11-29 [INFO] Starting InterSystems IRIS instance IRIS...
12:30:50 2022-11-29 [INFO] Starting Control Process
Global buffer setting requires attention.  Auto-selected 25% of total memory.
Allocated 1493MB shared memory
982MB global buffers, 300MB routine buffers
Starting Control Process
Global buffer setting requires attention.  Auto-selected 25% of total memory.
Allocated 1493MB shared memory
982MB global buffers, 300MB routine buffers
Starting Control Process
Global buffer setting requires attention.  Auto-selected 25% of total memory.
Allocated 1493MB shared memory
982MB global buffers, 300MB routine buffers
Starting Control Process
Global buffer setting requires attention.  Auto-selected 25% of total memory.
Allocated 1493MB shared memory
982MB global buffers, 300MB routine buffers
Starting Control Process
Global buffer setting requires attention.  Auto-selected 25% of total memory.
Allocated 1493MB shared memory
982MB global buffers, 300MB routine buffers
Starting Control Process
Global buffer setting requires attention.  Auto-selected 25% of total memory.
Allocated 1493MB shared memory
982MB global buffers, 300MB routine buffers
Starting Control Process
Global buffer setting requires attention.  Auto-selected 25% of total memory.
Allocated 1493MB shared memory
982MB global buffers, 300MB routine buffers
Starting Control Process
Global buffer setting requires attention.  Auto-selected 25% of total memory.
Allocated 1493MB shared memory
982MB global buffers, 300MB routine buffers
Starting Control Process
Global buffer setting requires attention.  Auto-selected 25% of total memory.
Allocated 1493MB shared memory
982MB global buffers, 300MB routine buffers
Starting Control Process
Global buffer setting requires attention.  Auto-selected 25% of total memory.
Allocated 1493MB shared memory
982MB global buffers, 300MB routine buffers
Starting Control Process
Global buffer setting requires attention.  Auto-selected 25% of total memory.
Allocated 1493MB shared memory
982MB global buffers, 300MB routine buffers
Starting Control Process
Global buffer setting requires attention.  Auto-selected 25% of total memory.
Allocated 1493MB shared memory
982MB global buffers, 300MB routine buffers
Starting Control Process
Global buffer setting requires attention.  Auto-selected 25% of total memory.
Allocated 1493MB shared memory
982MB global buffers, 300MB routine buffers
Starting Control Process
Global buffer setting requires attention.  Auto-selected 25% of total memory.
Allocated 1493MB shared memory
982MB global buffers, 300MB routine buffers
Starting Control Process
Global buffer setting requires attention.  Auto-selected 25% of total memory.
Allocated 1493MB shared memory
982MB global buffers, 300MB routine buffers
Starting Control Process
Global buffer setting requires attention.  Auto-selected 25% of total memory.
Allocated 1493MB shared memory
982MB global buffers, 300MB routine buffers
Starting Control Process
Global buffer setting requires attention.  Auto-selected 25% of total memory.
Allocated 1493MB shared memory
982MB global buffers, 300MB routine buffers
Starting Control Process
Global buffer setting requires attention.  Auto-selected 25% of total memory.
Allocated 1493MB shared memory
982MB global buffers, 300MB routine buffers
Starting Control Process
Global buffer setting requires attention.  Auto-selected 25% of total memory.
Allocated 1493MB shared memory
982MB global buffers, 300MB routine buffers
Starting Control Process
Global buffer setting requires attention.  Auto-selected 25% of total memory.
Allocated 1493MB shared memory
982MB global buffers, 300MB routine buffers
Starting Control Process
Global buffer setting requires attention.  Auto-selected 25% of total memory.
Allocated 1493MB shared memory
982MB global buffers, 300MB routine buffers
Starting Control Process
Global buffer setting requires attention.  Auto-selected 25% of total memory.
Allocated 1493MB shared memory
982MB global buffers, 300MB routine buffers
Starting Control Process
Global buffer setting requires attention.  Auto-selected 25% of total memory.
Allocated 1493MB shared memory
982MB global buffers, 300MB routine buffers
Starting Control Process
Global buffer setting requires attention.  Auto-selected 25% of total memory.
Allocated 1493MB shared memory
982MB global buffers, 300MB routine buffers
Starting Control Process
Global buffer setting requires attention.  Auto-selected 25% of total memory.
Allocated 1493MB shared memory
982MB global buffers, 300MB routine buffers
Starting Control Process
Global buffer setting requires attention.  Auto-selected 25% of total memory.
Allocated 1493MB shared memory
982MB global buffers, 300MB routine buffers
Starting Control Process
Global buffer setting requires attention.  Auto-selected 25% of total memory.
Allocated 1493MB shared memory
982MB global buffers, 300MB routine buffers
Starting Control Process
Global buffer setting requires attention.  Auto-selected 25% of total memory.
Allocated 1493MB shared memory
982MB global buffers, 300MB routine buffers
Starting Control Process
Global buffer setting requires attention.  Auto-selected 25% of total memory.
Allocated 1493MB shared memory
982MB global buffers, 300MB routine buffers
Starting Control Process
Global buffer setting requires attention.  Auto-selected 25% of total memory.
Allocated 1493MB shared memory
982MB global buffers, 300MB routine buffers
Starting Control Process
Global buffer setting requires attention.  Auto-selected 25% of total memory.
Allocated 1493MB shared memory
982MB global buffers, 300MB routine buffers
Starting Control Process
Global buffer setting requires attention.  Auto-selected 25% of total memory.
Allocated 1493MB shared memory
982MB global buffers, 300MB routine buffers
Starting Control Process
Global buffer setting requires attention.  Auto-selected 25% of total memory.
Allocated 1493MB shared memory
982MB global buffers, 300MB routine buffers
Starting Control Process
Global buffer setting requires attention.  Auto-selected 25% of total memory.
Allocated 1493MB shared memory
982MB global buffers, 300MB routine buffers
Starting Control Process
Global buffer setting requires attention.  Auto-selected 25% of total memory.
Allocated 1493MB shared memory
982MB global buffers, 300MB routine buffers
Starting Control Process
Global buffer setting requires attention.  Auto-selected 25% of total memory.
Allocated 1493MB shared memory
982MB global buffers, 300MB routine buffers
Starting Control Process
Global buffer setting requires attention.  Auto-selected 25% of total memory.
Allocated 1493MB shared memory
982MB global buffers, 300MB routine buffers
Starting Control Process
Global buffer setting requires attention.  Auto-selected 25% of total memory.
Allocated 1493MB shared memory
982MB global buffers, 300MB routine buffers
Starting Control Process
Global buffer setting requires attention.  Auto-selected 25% of total memory.
Allocated 1493MB shared memory
982MB global buffers, 300MB routine buffers
Starting Control Process
Global buffer setting requires attention.  Auto-selected 25% of total memory.
Allocated 1493MB shared memory
982MB global buffers, 300MB routine buffers
This copy of InterSystems IRIS has been licensed for use exclusively by:
InterSystems IRIS Community
Copyright (c) 1986-2022 by InterSystems Corporation
Any other use is a violation of your license agreement

1 alert(s) during startup. See messages.log for details.
Starting IRIS


12:30:50 2022-11-29 [INFO] ...started InterSystems IRIS instance IRIS
14:00:30 2022-11-29 [INFO] Executing command /home/irisowner/irissys/startISCAgent.sh 2188...
14:00:31 2022-11-29 [INFO] Writing status to file: /home/irisowner/irissys/iscagent.status
Reading configuration from file: /home/irisowner/irissys/iscagent.conf
ISCAgent[29]: Starting
ISCAgent[42]: Starting ApplicationServer on *:2188

14:00:31 2022-11-29 [INFO] ...executed command /home/irisowner/irissys/startISCAgent.sh 2188
14:00:31 2022-11-29 [INFO] Starting InterSystems IRIS instance IRIS...
14:02:08 2022-11-29 [INFO] Starting Control Process
Global buffer setting requires attention.  Auto-selected 25% of total memory.
Allocated 1493MB shared memory
982MB global buffers, 300MB routine buffers
Starting Control Process
Global buffer setting requires attention.  Auto-selected 25% of total memory.
Allocated 1493MB shared memory
982MB global buffers, 300MB routine buffers
Starting Control Process
Global buffer setting requires attention.  Auto-selected 25% of total memory.
Allocated 1493MB shared memory
982MB global buffers, 300MB routine buffers
Starting Control Process
Global buffer setting requires attention.  Auto-selected 25% of total memory.
Allocated 1493MB shared memory
982MB global buffers, 300MB routine buffers
Starting Control Process
Global buffer setting requires attention.  Auto-selected 25% of total memory.
Allocated 1493MB shared memory
982MB global buffers, 300MB routine buffers
Starting Control Process
Global buffer setting requires attention.  Auto-selected 25% of total memory.
Allocated 1493MB shared memory
982MB global buffers, 300MB routine buffers
Starting Control Process
Global buffer setting requires attention.  Auto-selected 25% of total memory.
Allocated 1493MB shared memory
982MB global buffers, 300MB routine buffers
Starting Control Process
Global buffer setting requires attention.  Auto-selected 25% of total memory.
Allocated 1493MB shared memory
982MB global buffers, 300MB routine buffers
Starting Control Process
Global buffer setting requires attention.  Auto-selected 25% of total memory.
Allocated 1493MB shared memory
982MB global buffers, 300MB routine buffers
Starting Control Process
Global buffer setting requires attention.  Auto-selected 25% of total memory.
Allocated 1493MB shared memory
982MB global buffers, 300MB routine buffers
Starting Control Process
Global buffer setting requires attention.  Auto-selected 25% of total memory.
Allocated 1493MB shared memory
982MB global buffers, 300MB routine buffers
Starting Control Process
Global buffer setting requires attention.  Auto-selected 25% of total memory.
Allocated 1493MB shared memory
982MB global buffers, 300MB routine buffers
Starting Control Process
Global buffer setting requires attention.  Auto-selected 25% of total memory.
Allocated 1493MB shared memory
982MB global buffers, 300MB routine buffers
Starting Control Process
Global buffer setting requires attention.  Auto-selected 25% of total memory.
Allocated 1493MB shared memory
982MB global buffers, 300MB routine buffers
Starting Control Process
Global buffer setting requires attention.  Auto-selected 25% of total memory.
Allocated 1493MB shared memory
982MB global buffers, 300MB routine buffers
Starting Control Process
Global buffer setting requires attention.  Auto-selected 25% of total memory.
Allocated 1493MB shared memory
982MB global buffers, 300MB routine buffers
Starting Control Process
Global buffer setting requires attention.  Auto-selected 25% of total memory.
Allocated 1493MB shared memory
982MB global buffers, 300MB routine buffers
Starting Control Process
Global buffer setting requires attention.  Auto-selected 25% of total memory.
Allocated 1493MB shared memory
982MB global buffers, 300MB routine buffers
Starting Control Process
Global buffer setting requires attention.  Auto-selected 25% of total memory.
Allocated 1493MB shared memory
982MB global buffers, 300MB routine buffers
Starting Control Process
Global buffer setting requires attention.  Auto-selected 25% of total memory.
Allocated 1493MB shared memory
982MB global buffers, 300MB routine buffers
Starting Control Process
Global buffer setting requires attention.  Auto-selected 25% of total memory.
Allocated 1493MB shared memory
982MB global buffers, 300MB routine buffers
Starting Control Process
Global buffer setting requires attention.  Auto-selected 25% of total memory.
Allocated 1493MB shared memory
982MB global buffers, 300MB routine buffers
Starting Control Process
Global buffer setting requires attention.  Auto-selected 25% of total memory.
Allocated 1493MB shared memory
982MB global buffers, 300MB routine buffers
Starting Control Process
Global buffer setting requires attention.  Auto-selected 25% of total memory.
Allocated 1493MB shared memory
982MB global buffers, 300MB routine buffers
Starting Control Process
Global buffer setting requires attention.  Auto-selected 25% of total memory.
Allocated 1493MB shared memory
982MB global buffers, 300MB routine buffers
Starting Control Process
Global buffer setting requires attention.  Auto-selected 25% of total memory.
Allocated 1493MB shared memory
982MB global buffers, 300MB routine buffers
Starting Control Process
Global buffer setting requires attention.  Auto-selected 25% of total memory.
Allocated 1493MB shared memory
982MB global buffers, 300MB routine buffers
Starting Control Process
Global buffer setting requires attention.  Auto-selected 25% of total memory.
Allocated 1493MB shared memory
982MB global buffers, 300MB routine buffers
Starting Control Process
Global buffer setting requires attention.  Auto-selected 25% of total memory.
Allocated 1493MB shared memory
982MB global buffers, 300MB routine buffers
Starting Control Process
Global buffer setting requires attention.  Auto-selected 25% of total memory.
Allocated 1493MB shared memory
982MB global buffers, 300MB routine buffers
Starting Control Process
Global buffer setting requires attention.  Auto-selected 25% of total memory.
Allocated 1493MB shared memory
982MB global buffers, 300MB routine buffers
Starting Control Process
Global buffer setting requires attention.  Auto-selected 25% of total memory.
Allocated 1493MB shared memory
982MB global buffers, 300MB routine buffers
Starting Control Process
Global buffer setting requires attention.  Auto-selected 25% of total memory.
Allocated 1493MB shared memory
982MB global buffers, 300MB routine buffers
Starting Control Process
Global buffer setting requires attention.  Auto-selected 25% of total memory.
Allocated 1493MB shared memory
982MB global buffers, 300MB routine buffers
Starting Control Process
Global buffer setting requires attention.  Auto-selected 25% of total memory.
Allocated 1493MB shared memory
982MB global buffers, 300MB routine buffers
Starting Control Process
Global buffer setting requires attention.  Auto-selected 25% of total memory.
Allocated 1493MB shared memory
982MB global buffers, 300MB routine buffers
Starting Control Process
Global buffer setting requires attention.  Auto-selected 25% of total memory.
Allocated 1493MB shared memory
982MB global buffers, 300MB routine buffers
Starting Control Process
Global buffer setting requires attention.  Auto-selected 25% of total memory.
Allocated 1493MB shared memory
982MB global buffers, 300MB routine buffers
Starting Control Process
Global buffer setting requires attention.  Auto-selected 25% of total memory.
Allocated 1493MB shared memory
982MB global buffers, 300MB routine buffers
Starting Control Process
Global buffer setting requires attention.  Auto-selected 25% of total memory.
Allocated 1493MB shared memory
982MB global buffers, 300MB routine buffers
This copy of InterSystems IRIS has been licensed for use exclusively by:
InterSystems IRIS Community
Copyright (c) 1986-2022 by InterSystems Corporation
Any other use is a violation of your license agreement

1 alert(s) during startup. See messages.log for details.
Starting IRIS


14:02:08 2022-11-29 [INFO] ...started InterSystems IRIS instance IRIS
